# JRE version: Java(TM) SE Runtime Environment (8.0-b104) (build 1.8.0-ea-b104)
# Java VM: Java HotSpot(TM) Client VM (25.0-b46 mixed mode linux-arm )
Heap:
 def new generation   total 16128K, used 1025K [0x94800000, 0x95960000, 0x9eea0000)
  eden space 14464K,   7% used [0x94800000, 0x94900600, 0x95620000)
  from space 1664K,   0% used [0x95620000, 0x95620000, 0x957c0000)
  to   space 1664K,   0% used [0x957c0000, 0x957c0000, 0x95960000)
 tenured generation   total 48660K, used 48659K [0x9eea0000, 0xa1e25000, 0xb3c00000)
   the space 48660K,  99% used [0x9eea0000, 0xa1e24ff8, 0xa1e25000, 0xa1e25000)
 Metaspace total 13587K, used 13359K, reserved 15664K
  data space     11351K, used 11182K, reserved 12592K
  class space    2235K, used 2177K, reserved 3072K
GC Heap History (10 events):
Event: 17.683 GC heap after
Heap after GC invocations=11 (full 1):
 def new generation   total 4608K, used 384K [0x94800000, 0x94ce0000, 0x9eea0000)
  eden space 4224K,   0% used [0x94800000, 0x94800000, 0x94c20000)
  from space 384K, 100% used [0x94c80000, 0x94ce0000, 0x94ce0000)
  to   space 384K,   0% used [0x94c20000, 0x94c20000, 0x94c80000)
 tenured generation   total 9924K, used 6707K [0x9eea0000, 0x9f851000, 0xb3c00000)
   the space 9924K,  67% used [0x9eea0000, 0x9f52ce30, 0x9f52d000, 0x9f851000)
 Metaspace total 13506K, used 13259K, reserved 15664K
  data space     11294K, used 11109K, reserved 12592K
  class space    2211K, used 2150K, reserved 3072K
}
Event: 18.217 GC heap before
{Heap before GC invocations=11 (full 1):
 def new generation   total 4608K, used 1862K [0x94800000, 0x94ce0000, 0x9eea0000)
  eden space 4224K,  34% used [0x94800000, 0x94971898, 0x94c20000)
  from space 384K, 100% used [0x94c80000, 0x94ce0000, 0x94ce0000)
  to   space 384K,   0% used [0x94c20000, 0x94c20000, 0x94c80000)
 tenured generation   total 9924K, used 6707K [0x9eea0000, 0x9f851000, 0xb3c00000)
   the space 9924K,  67% used [0x9eea0000, 0x9f52ce30, 0x9f52d000, 0x9f851000)
 Metaspace total 13593K, used 13363K, reserved 15664K
  data space     11356K, used 11184K, reserved 12592K
  class space    2237K, used 2178K, reserved 3072K
Event: 18.576 GC heap after
Heap after GC invocations=12 (full 2):
 def new generation   total 5376K, used 0K [0x94800000, 0x94dc0000, 0x9eea0000)
  eden space 4864K,   0% used [0x94800000, 0x94800000, 0x94cc0000)
  from space 512K,   0% used [0x94cc0000, 0x94cc0000, 0x94d40000)
  to   space 512K,   0% used [0x94d40000, 0x94d40000, 0x94dc0000)
 tenured generation   total 11596K, used 6956K [0x9eea0000, 0x9f9f3000, 0xb3c00000)
   the space 11596K,  59% used [0x9eea0000, 0x9f56b1d0, 0x9f56b200, 0x9f9f3000)
 Metaspace total 13587K, used 13359K, reserved 15664K
  data space     11351K, used 11182K, reserved 12592K
  class space    2235K, used 2177K, reserved 3072K
}
Event: 18.656 GC heap before
{Heap before GC invocations=12 (full 2):
 def new generation   total 5376K, used 4864K [0x94800000, 0x94dc0000, 0x9eea0000)
  eden space 4864K, 100% used [0x94800000, 0x94cc0000, 0x94cc0000)
  from space 512K,   0% used [0x94cc0000, 0x94cc0000, 0x94d40000)
  to   space 512K,   0% used [0x94d40000, 0x94d40000, 0x94dc0000)
 tenured generation   total 16676K, used 12033K [0x9eea0000, 0x9fee9000, 0xb3c00000)
   the space 16676K,  72% used [0x9eea0000, 0x9fa605d0, 0x9fa60600, 0x9fee9000)
 Metaspace total 13587K, used 13359K, reserved 15664K
  data space     11351K, used 11182K, reserved 12592K
  class space    2235K, used 2177K, reserved 3072K
Event: 18.763 GC heap after
Heap after GC invocations=13 (full 2):
 def new generation   total 5376K, used 511K [0x94800000, 0x94dc0000, 0x9eea0000)
  eden space 4864K,   0% used [0x94800000, 0x94800000, 0x94cc0000)
  from space 512K,  99% used [0x94d40000, 0x94dbfff0, 0x94dc0000)
  to   space 512K,   0% used [0x94cc0000, 0x94cc0000, 0x94d40000)
 tenured generation   total 16676K, used 16381K [0x9eea0000, 0x9fee9000, 0xb3c00000)
   the space 16676K,  98% used [0x9eea0000, 0x9fe9f498, 0x9fe9f600, 0x9fee9000)
 Metaspace total 13587K, used 13359K, reserved 15664K
  data space     11351K, used 11182K, reserved 12592K
  class space    2235K, used 2177K, reserved 3072K
}
Event: 18.802 GC heap before
{Heap before GC invocations=13 (full 2):
 def new generation   total 5376K, used 5375K [0x94800000, 0x94dc0000, 0x9eea0000)
  eden space 4864K, 100% used [0x94800000, 0x94cc0000, 0x94cc0000)
  from space 512K,  99% used [0x94d40000, 0x94dbfff0, 0x94dc0000)
  to   space 512K,   0% used [0x94cc0000, 0x94cc0000, 0x94d40000)
 tenured generation   total 16676K, used 16381K [0x9eea0000, 0x9fee9000, 0xb3c00000)
   the space 16676K,  98% used [0x9eea0000, 0x9fe9f498, 0x9fe9f600, 0x9fee9000)
 Metaspace total 13587K, used 13359K, reserved 15664K
  data space     11351K, used 11182K, reserved 12592K
  class space    2235K, used 2177K, reserved 3072K
Event: 19.514 GC heap after
Heap after GC invocations=14 (full 3):
 def new generation   total 16128K, used 471K [0x94800000, 0x95960000, 0x9eea0000)
  eden space 14464K,   3% used [0x94800000, 0x94875de0, 0x95620000)
  from space 1664K,   0% used [0x95620000, 0x95620000, 0x957c0000)
  to   space 1664K,   0% used [0x957c0000, 0x957c0000, 0x95960000)
 tenured generation   total 35476K, used 21283K [0x9eea0000, 0xa1145000, 0xb3c00000)
   the space 35476K,  59% used [0x9eea0000, 0xa0368fe8, 0xa0369000, 0xa1145000)
 Metaspace total 13587K, used 13359K, reserved 15664K
  data space     11351K, used 11182K, reserved 12592K
  class space    2235K, used 2177K, reserved 3072K
}
Event: 19.639 GC heap before
{Heap before GC invocations=14 (full 3):
 def new generation   total 16128K, used 14464K [0x94800000, 0x95960000, 0x9eea0000)
  eden space 14464K, 100% used [0x94800000, 0x95620000, 0x95620000)
  from space 1664K,   0% used [0x95620000, 0x95620000, 0x957c0000)
  to   space 1664K,   0% used [0x957c0000, 0x957c0000, 0x95960000)
 tenured generation   total 35476K, used 21283K [0x9eea0000, 0xa1145000, 0xb3c00000)
   the space 35476K,  59% used [0x9eea0000, 0xa0368fe8, 0xa0369000, 0xa1145000)
 Metaspace total 13587K, used 13359K, reserved 15664K
  data space     11351K, used 11182K, reserved 12592K
  class space    2235K, used 2177K, reserved 3072K
Event: 20.044 GC heap after
Heap after GC invocations=15 (full 3):
 def new generation   total 16128K, used 1664K [0x94800000, 0x95960000, 0x9eea0000)
  eden space 14464K,   0% used [0x94800000, 0x94800000, 0x95620000)
  from space 1664K, 100% used [0x957c0000, 0x95960000, 0x95960000)
  to   space 1664K,   0% used [0x95620000, 0x95620000, 0x957c0000)
 tenured generation   total 35476K, used 34082K [0x9eea0000, 0xa1145000, 0xb3c00000)
   the space 35476K,  96% used [0x9eea0000, 0xa0fe8988, 0xa0fe8a00, 0xa1145000)
 Metaspace total 13587K, used 13359K, reserved 15664K
  data space     11351K, used 11182K, reserved 12592K
  class space    2235K, used 2177K, reserved 3072K
}
Event: 20.158 GC heap before
{Heap before GC invocations=15 (full 3):
 def new generation   total 16128K, used 16128K [0x94800000, 0x95960000, 0x9eea0000)
  eden space 14464K, 100% used [0x94800000, 0x95620000, 0x95620000)
  from space 1664K, 100% used [0x957c0000, 0x95960000, 0x95960000)
  to   space 1664K,   0% used [0x95620000, 0x95620000, 0x957c0000)
 tenured generation   total 35476K, used 34082K [0x9eea0000, 0xa1145000, 0xb3c00000)
   the space 35476K,  96% used [0x9eea0000, 0xa0fe8988, 0xa0fe8a00, 0xa1145000)
 Metaspace total 13587K, used 13359K, reserved 15664K
  data space     11351K, used 11182K, reserved 12592K
  class space    2235K, used 2177K, reserved 3072K

